Flow report for RTC
Sat Nov 27 02:43:09 2021
Quartus Prime Version 18.1.0 Build 625 09/12/2018 SJ Lite Edition


---------------------
; Table of Contents ;
---------------------
  1. Legal Notice
  2. Flow Summary
  3. Flow Settings
  4. Flow Non-Default Global Settings
  5. Flow Elapsed Time
  6. Flow OS Summary
  7. Flow Log
  8. Flow Messages
  9. Flow Suppressed Messages



----------------
; Legal Notice ;
----------------
Copyright (C) 2018  Intel Corporation. All rights reserved.
Your use of Intel Corporation's design tools, logic functions 
and other software and tools, and its AMPP partner logic 
functions, and any output files from any of the foregoing 
(including device programming or simulation files), and any 
associated documentation or information are expressly subject 
to the terms and conditions of the Intel Program License 
Subscription Agreement, the Intel Quartus Prime License Agreement,
the Intel FPGA IP License Agreement, or other applicable license
agreement, including, without limitation, that your use is for
the sole purpose of programming logic devices manufactured by
Intel and sold by Intel or its authorized distributors.  Please
refer to the applicable agreement for further details.



+-------------------------------------------------------------------------------+
; Flow Summary                                                                  ;
+---------------------------------+---------------------------------------------+
; Flow Status                     ; Successful - Sat Nov 27 02:42:57 2021       ;
; Quartus Prime Version           ; 18.1.0 Build 625 09/12/2018 SJ Lite Edition ;
; Revision Name                   ; RTC                                         ;
; Top-level Entity Name           ; DE0_Nano_Soc_7_segment_extension            ;
; Family                          ; Cyclone V                                   ;
; Device                          ; 5CSEMA4U23C6                                ;
; Timing Models                   ; Final                                       ;
; Logic utilization (in ALMs)     ; 1,453 / 15,880 ( 9 % )                      ;
; Total registers                 ; 2146                                        ;
; Total pins                      ; 42 / 314 ( 13 % )                           ;
; Total virtual pins              ; 0                                           ;
; Total block memory bits         ; 1,112,320 / 2,764,800 ( 40 % )              ;
; Total DSP Blocks                ; 3 / 84 ( 4 % )                              ;
; Total HSSI RX PCSs              ; 0                                           ;
; Total HSSI PMA RX Deserializers ; 0                                           ;
; Total HSSI TX PCSs              ; 0                                           ;
; Total HSSI PMA TX Serializers   ; 0                                           ;
; Total PLLs                      ; 0 / 5 ( 0 % )                               ;
; Total DLLs                      ; 0 / 4 ( 0 % )                               ;
+---------------------------------+---------------------------------------------+


+-----------------------------------------+
; Flow Settings                           ;
+-------------------+---------------------+
; Option            ; Setting             ;
+-------------------+---------------------+
; Start date & time ; 11/27/2021 02:39:15 ;
; Main task         ; Compilation         ;
; Revision Name     ; RTC                 ;
+-------------------+---------------------+


+----------------------------------------------------------------------------------------------------------------------------------------------+
; Flow Non-Default Global Settings                                                                                                             ;
+-------------------------------------+----------------------------------------+---------------+----------------------------------+------------+
; Assignment Name                     ; Value                                  ; Default Value ; Entity Name                      ; Section Id ;
+-------------------------------------+----------------------------------------+---------------+----------------------------------+------------+
; COMPILER_SIGNATURE_ID               ; 24062491136.163797715516428            ; --            ; --                               ; --         ;
; MAX_CORE_JUNCTION_TEMP              ; 85                                     ; --            ; --                               ; --         ;
; MIN_CORE_JUNCTION_TEMP              ; 0                                      ; --            ; --                               ; --         ;
; PARTITION_COLOR                     ; -- (Not supported for targeted family) ; --            ; DE0_Nano_Soc_7_segment_extension ; Top        ;
; PARTITION_FITTER_PRESERVATION_LEVEL ; -- (Not supported for targeted family) ; --            ; DE0_Nano_Soc_7_segment_extension ; Top        ;
; PARTITION_NETLIST_TYPE              ; -- (Not supported for targeted family) ; --            ; DE0_Nano_Soc_7_segment_extension ; Top        ;
; POWER_BOARD_THERMAL_MODEL           ; None (CONSERVATIVE)                    ; --            ; --                               ; --         ;
; POWER_PRESET_COOLING_SOLUTION       ; 23 MM HEAT SINK WITH 200 LFPM AIRFLOW  ; --            ; --                               ; --         ;
; PROJECT_OUTPUT_DIRECTORY            ; output_files                           ; --            ; --                               ; --         ;
; TOP_LEVEL_ENTITY                    ; DE0_Nano_Soc_7_segment_extension       ; RTC           ; --                               ; --         ;
+-------------------------------------+----------------------------------------+---------------+----------------------------------+------------+


+--------------------------------------------------------------------------------------------------------------------------+
; Flow Elapsed Time                                                                                                        ;
+----------------------+--------------+-------------------------+---------------------+------------------------------------+
; Module Name          ; Elapsed Time ; Average Processors Used ; Peak Virtual Memory ; Total CPU Time (on all processors) ;
+----------------------+--------------+-------------------------+---------------------+------------------------------------+
; Analysis & Synthesis ; 00:01:33     ; 1.0                     ; 5052 MB             ; 00:02:10                           ;
; Fitter               ; 00:01:56     ; 1.1                     ; 6619 MB             ; 00:08:28                           ;
; Assembler            ; 00:00:08     ; 1.0                     ; 4879 MB             ; 00:00:07                           ;
; Timing Analyzer      ; 00:00:11     ; 2.6                     ; 5203 MB             ; 00:00:26                           ;
; Total                ; 00:03:48     ; --                      ; --                  ; 00:11:11                           ;
+----------------------+--------------+-------------------------+---------------------+------------------------------------+


+------------------------------------------------------------------------------------+
; Flow OS Summary                                                                    ;
+----------------------+------------------+------------+------------+----------------+
; Module Name          ; Machine Hostname ; OS Name    ; OS Version ; Processor type ;
+----------------------+------------------+------------+------------+----------------+
; Analysis & Synthesis ; DESKTOP-OBT3U2U  ; Windows 10 ; 10.0       ; x86_64         ;
; Fitter               ; DESKTOP-OBT3U2U  ; Windows 10 ; 10.0       ; x86_64         ;
; Assembler            ; DESKTOP-OBT3U2U  ; Windows 10 ; 10.0       ; x86_64         ;
; Timing Analyzer      ; DESKTOP-OBT3U2U  ; Windows 10 ; 10.0       ; x86_64         ;
+----------------------+------------------+------------+------------+----------------+


------------
; Flow Log ;
------------
quartus_map --read_settings_files=on --write_settings_files=off RTC -c RTC
quartus_fit --read_settings_files=off --write_settings_files=off RTC -c RTC
quartus_asm --read_settings_files=off --write_settings_files=off RTC -c RTC
quartus_sta RTC -c RTC



